<?xml version="1.0" encoding="UTF-8"?>
<!-- Generated by org.testng.reporters.JUnitReportReporter -->
<testsuite skipped="0" hostname="sudheer-PC" name="com.OHRMS.testcasescripts.HomePageTest" tests="1" failures="0" timestamp="02 Oct 2019 07:54:49 GMT" time="9.800" errors="0">
  <testcase name="verifyHomePageTitleTest" time="9.800" classname="com.OHRMS.testcasescripts.HomePageTest"/>
</testsuite> <!-- com.OHRMS.testcasescripts.HomePageTest -->
